{"/home/sonny/dev/deudamx-api/config/blueprints.js":{"path":"/home/sonny/dev/deudamx-api/config/blueprints.js","s":{"1":1},"b":{},"f":{},"fnMap":{},"statementMap":{"1":{"start":{"line":26,"column":0},"end":{"line":162,"column":2}}},"branchMap":{}},"/home/sonny/dev/deudamx-api/config/bootstrap.js":{"path":"/home/sonny/dev/deudamx-api/config/bootstrap.js","s":{"1":1,"2":1},"b":{},"f":{"1":1},"fnMap":{"1":{"name":"(anonymous_1)","line":12,"loc":{"start":{"line":12,"column":27},"end":{"line":12,"column":40}}}},"statementMap":{"1":{"start":{"line":12,"column":0},"end":{"line":17,"column":2}},"2":{"start":{"line":16,"column":2},"end":{"line":16,"column":7}}},"branchMap":{}},"/home/sonny/dev/deudamx-api/config/connections.js":{"path":"/home/sonny/dev/deudamx-api/config/connections.js","s":{"1":1},"b":{},"f":{},"fnMap":{},"statementMap":{"1":{"start":{"line":22,"column":0},"end":{"line":90,"column":2}}},"branchMap":{}},"/home/sonny/dev/deudamx-api/config/cors.js":{"path":"/home/sonny/dev/deudamx-api/config/cors.js","s":{"1":1},"b":{},"f":{},"fnMap":{},"statementMap":{"1":{"start":{"line":29,"column":0},"end":{"line":78,"column":2}}},"branchMap":{}},"/home/sonny/dev/deudamx-api/config/csrf.js":{"path":"/home/sonny/dev/deudamx-api/config/csrf.js","s":{},"b":{},"f":{},"fnMap":{},"statementMap":{},"branchMap":{}},"/home/sonny/dev/deudamx-api/config/globals.js":{"path":"/home/sonny/dev/deudamx-api/config/globals.js","s":{"1":1},"b":{},"f":{},"fnMap":{},"statementMap":{"1":{"start":{"line":11,"column":0},"end":{"line":63,"column":2}}},"branchMap":{}},"/home/sonny/dev/deudamx-api/config/http.js":{"path":"/home/sonny/dev/deudamx-api/config/http.js","s":{"1":1},"b":{},"f":{},"fnMap":{},"statementMap":{"1":{"start":{"line":12,"column":0},"end":{"line":87,"column":2}}},"branchMap":{}},"/home/sonny/dev/deudamx-api/config/i18n.js":{"path":"/home/sonny/dev/deudamx-api/config/i18n.js","s":{"1":1},"b":{},"f":{},"fnMap":{},"statementMap":{"1":{"start":{"line":18,"column":0},"end":{"line":57,"column":2}}},"branchMap":{}},"/home/sonny/dev/deudamx-api/config/local.js":{"path":"/home/sonny/dev/deudamx-api/config/local.js","s":{"1":2},"b":{},"f":{},"fnMap":{},"statementMap":{"1":{"start":{"line":30,"column":0},"end":{"line":85,"column":2}}},"branchMap":{}},"/home/sonny/dev/deudamx-api/config/log.js":{"path":"/home/sonny/dev/deudamx-api/config/log.js","s":{"1":1},"b":{},"f":{},"fnMap":{},"statementMap":{"1":{"start":{"line":13,"column":0},"end":{"line":29,"column":2}}},"branchMap":{}},"/home/sonny/dev/deudamx-api/config/models.js":{"path":"/home/sonny/dev/deudamx-api/config/models.js","s":{"1":1},"b":{},"f":{},"fnMap":{},"statementMap":{"1":{"start":{"line":12,"column":0},"end":{"line":32,"column":2}}},"branchMap":{}},"/home/sonny/dev/deudamx-api/config/policies.js":{"path":"/home/sonny/dev/deudamx-api/config/policies.js","s":{"1":1},"b":{},"f":{},"fnMap":{},"statementMap":{"1":{"start":{"line":20,"column":0},"end":{"line":51,"column":2}}},"branchMap":{}},"/home/sonny/dev/deudamx-api/config/routes.js":{"path":"/home/sonny/dev/deudamx-api/config/routes.js","s":{"1":1},"b":{},"f":{},"fnMap":{},"statementMap":{"1":{"start":{"line":23,"column":0},"end":{"line":50,"column":2}}},"branchMap":{}},"/home/sonny/dev/deudamx-api/config/session.js":{"path":"/home/sonny/dev/deudamx-api/config/session.js","s":{"1":1},"b":{},"f":{},"fnMap":{},"statementMap":{"1":{"start":{"line":15,"column":0},"end":{"line":91,"column":2}}},"branchMap":{}},"/home/sonny/dev/deudamx-api/config/sockets.js":{"path":"/home/sonny/dev/deudamx-api/config/sockets.js","s":{"1":1},"b":{},"f":{},"fnMap":{},"statementMap":{"1":{"start":{"line":13,"column":0},"end":{"line":141,"column":2}}},"branchMap":{}},"/home/sonny/dev/deudamx-api/config/views.js":{"path":"/home/sonny/dev/deudamx-api/config/views.js","s":{"1":1},"b":{},"f":{},"fnMap":{},"statementMap":{"1":{"start":{"line":14,"column":0},"end":{"line":95,"column":2}}},"branchMap":{}},"/home/sonny/dev/deudamx-api/config/env/development.js":{"path":"/home/sonny/dev/deudamx-api/config/env/development.js","s":{"1":1},"b":{},"f":{},"fnMap":{},"statementMap":{"1":{"start":{"line":13,"column":0},"end":{"line":24,"column":2}}},"branchMap":{}},"/home/sonny/dev/deudamx-api/api/services/csvService.js":{"path":"/home/sonny/dev/deudamx-api/api/services/csvService.js","s":{"1":1,"2":2,"3":2,"4":1,"5":2,"6":2,"7":1,"8":2,"9":2,"10":2},"b":{},"f":{"1":2,"2":1,"3":1,"4":2},"fnMap":{"1":{"name":"(anonymous_1)","line":9,"loc":{"start":{"line":9,"column":9},"end":{"line":9,"column":28}}},"2":{"name":"(anonymous_2)","line":18,"loc":{"start":{"line":18,"column":7},"end":{"line":18,"column":27}}},"3":{"name":"(anonymous_3)","line":22,"loc":{"start":{"line":22,"column":23},"end":{"line":22,"column":39}}},"4":{"name":"(anonymous_4)","line":25,"loc":{"start":{"line":25,"column":26},"end":{"line":25,"column":37}}}},"statementMap":{"1":{"start":{"line":8,"column":0},"end":{"line":31,"column":2}},"2":{"start":{"line":10,"column":4},"end":{"line":14,"column":13}},"3":{"start":{"line":16,"column":4},"end":{"line":20,"column":7}},"4":{"start":{"line":19,"column":6},"end":{"line":19,"column":29}},"5":{"start":{"line":21,"column":4},"end":{"line":21,"column":43}},"6":{"start":{"line":22,"column":4},"end":{"line":24,"column":7}},"7":{"start":{"line":23,"column":6},"end":{"line":23,"column":29}},"8":{"start":{"line":25,"column":4},"end":{"line":27,"column":7}},"9":{"start":{"line":26,"column":6},"end":{"line":26,"column":26}},"10":{"start":{"line":29,"column":4},"end":{"line":29,"column":28}}},"branchMap":{}},"/home/sonny/dev/deudamx-api/api/models/Entity.js":{"path":"/home/sonny/dev/deudamx-api/api/models/Entity.js","s":{"1":1},"b":{},"f":{},"fnMap":{},"statementMap":{"1":{"start":{"line":8,"column":0},"end":{"line":19,"column":2}}},"branchMap":{}},"/home/sonny/dev/deudamx-api/api/controllers/EntityController.js":{"path":"/home/sonny/dev/deudamx-api/api/controllers/EntityController.js","s":{"1":1},"b":{},"f":{},"fnMap":{},"statementMap":{"1":{"start":{"line":8,"column":0},"end":{"line":10,"column":2}}},"branchMap":{}},"/home/sonny/dev/deudamx-api/api/controllers/MainController.js":{"path":"/home/sonny/dev/deudamx-api/api/controllers/MainController.js","s":{"1":1,"2":0,"3":0},"b":{},"f":{"1":0,"2":0},"fnMap":{"1":{"name":"(anonymous_1)","line":9,"loc":{"start":{"line":9,"column":9},"end":{"line":9,"column":28}}},"2":{"name":"(anonymous_2)","line":10,"loc":{"start":{"line":10,"column":67},"end":{"line":10,"column":81}}}},"statementMap":{"1":{"start":{"line":8,"column":0},"end":{"line":14,"column":2}},"2":{"start":{"line":10,"column":4},"end":{"line":12,"column":7}},"3":{"start":{"line":11,"column":6},"end":{"line":11,"column":21}}},"branchMap":{}}}